# JRE version: OpenJDK Runtime Environment (8.0_202-b03) (build 1.8.0_202-release-1483-b03)
# Java VM: OpenJDK 64-Bit Server VM (25.202-b03 mixed mode windows-amd64 compressed oops)
Heap:
 PSYoungGen      total 323072K, used 243813K [0x00000000e0000000, 0x00000000f7c80000, 0x0000000100000000)
  eden space 256512K, 82% used [0x00000000e0000000,0x00000000ecd94d10,0x00000000efa80000)
  from space 66560K, 50% used [0x00000000efa80000,0x00000000f1b048a0,0x00000000f3b80000)
  to   space 62464K, 0% used [0x00000000f3f80000,0x00000000f3f80000,0x00000000f7c80000)
 ParOldGen       total 220160K, used 56554K [0x00000000a0000000, 0x00000000ad700000, 0x00000000e0000000)
  object space 220160K, 25% used [0x00000000a0000000,0x00000000a373a800,0x00000000ad700000)
 Metaspace       used 85863K, capacity 89278K, committed 89816K, reserved 1126400K
  class space    used 11173K, capacity 11865K, committed 12032K, reserved 1048576K
GC Heap History (10 events):
Event: 2143.051 GC heap before
{Heap before GC invocations=32 (full 4):
 PSYoungGen      total 231936K, used 176546K [0x00000000e0000000, 0x00000000f3b80000, 0x0000000100000000)
  eden space 174080K, 97% used [0x00000000e0000000,0x00000000ea5b4940,0x00000000eaa00000)
  from space 57856K, 11% used [0x00000000eaa00000,0x00000000eb0b4030,0x00000000ee280000)
  to   space 56832K, 0% used [0x00000000f0400000,0x00000000f0400000,0x00000000f3b80000)
 ParOldGen       total 271872K, used 184636K [0x00000000a0000000, 0x00000000b0980000, 0x00000000e0000000)
  object space 271872K, 67% used [0x00000000a0000000,0x00000000ab44f278,0x00000000b0980000)
 Metaspace       used 85337K, capacity 88682K, committed 88920K, reserved 1126400K
  class space    used 11166K, capacity 11831K, committed 11904K, reserved 1048576K
Event: 2143.075 GC heap after
Heap after GC invocations=32 (full 4):
 PSYoungGen      total 252928K, used 20417K [0x00000000e0000000, 0x00000000f3180000, 0x0000000100000000)
  eden space 206336K, 0% used [0x00000000e0000000,0x00000000e0000000,0x00000000ec980000)
  from space 46592K, 43% used [0x00000000f0400000,0x00000000f17f05e0,0x00000000f3180000)
  to   space 53248K, 0% used [0x00000000ec980000,0x00000000ec980000,0x00000000efd80000)
 ParOldGen       total 271872K, used 190639K [0x00000000a0000000, 0x00000000b0980000, 0x00000000e0000000)
  object space 271872K, 70% used [0x00000000a0000000,0x00000000aba2bcc0,0x00000000b0980000)
 Metaspace       used 85337K, capacity 88682K, committed 88920K, reserved 1126400K
  class space    used 11166K, capacity 11831K, committed 11904K, reserved 1048576K
}
Event: 2144.033 GC heap before
{Heap before GC invocations=33 (full 4):
 PSYoungGen      total 252928K, used 222756K [0x00000000e0000000, 0x00000000f3180000, 0x0000000100000000)
  eden space 206336K, 98% used [0x00000000e0000000,0x00000000ec598c88,0x00000000ec980000)
  from space 46592K, 43% used [0x00000000f0400000,0x00000000f17f05e0,0x00000000f3180000)
  to   space 53248K, 0% used [0x00000000ec980000,0x00000000ec980000,0x00000000efd80000)
 ParOldGen       total 271872K, used 190639K [0x00000000a0000000, 0x00000000b0980000, 0x00000000e0000000)
  object space 271872K, 70% used [0x00000000a0000000,0x00000000aba2bcc0,0x00000000b0980000)
 Metaspace       used 85349K, capacity 88682K, committed 88920K, reserved 1126400K
  class space    used 11167K, capacity 11831K, committed 11904K, reserved 1048576K
Event: 2144.222 GC heap after
Heap after GC invocations=33 (full 4):
 PSYoungGen      total 259584K, used 53216K [0x00000000e0000000, 0x00000000f8200000, 0x0000000100000000)
  eden space 206336K, 0% used [0x00000000e0000000,0x00000000e0000000,0x00000000ec980000)
  from space 53248K, 99% used [0x00000000ec980000,0x00000000efd78350,0x00000000efd80000)
  to   space 68096K, 0% used [0x00000000f3f80000,0x00000000f3f80000,0x00000000f8200000)
 ParOldGen       total 271872K, used 206022K [0x00000000a0000000, 0x00000000b0980000, 0x00000000e0000000)
  object space 271872K, 75% used [0x00000000a0000000,0x00000000ac931bb0,0x00000000b0980000)
 Metaspace       used 85349K, capacity 88682K, committed 88920K, reserved 1126400K
  class space    used 11167K, capacity 11831K, committed 11904K, reserved 1048576K
}
Event: 2201.059 GC heap before
{Heap before GC invocations=34 (full 4):
 PSYoungGen      total 259584K, used 259552K [0x00000000e0000000, 0x00000000f8200000, 0x0000000100000000)
  eden space 206336K, 100% used [0x00000000e0000000,0x00000000ec980000,0x00000000ec980000)
  from space 53248K, 99% used [0x00000000ec980000,0x00000000efd78350,0x00000000efd80000)
  to   space 68096K, 0% used [0x00000000f3f80000,0x00000000f3f80000,0x00000000f8200000)
 ParOldGen       total 271872K, used 206022K [0x00000000a0000000, 0x00000000b0980000, 0x00000000e0000000)
  object space 271872K, 75% used [0x00000000a0000000,0x00000000ac931bb0,0x00000000b0980000)
 Metaspace       used 85668K, capacity 89140K, committed 89176K, reserved 1126400K
  class space    used 11195K, capacity 11884K, committed 11904K, reserved 1048576K
Event: 2201.139 GC heap after
Heap after GC invocations=34 (full 4):
 PSYoungGen      total 318976K, used 7680K [0x00000000e0000000, 0x00000000f7c80000, 0x0000000100000000)
  eden space 256512K, 0% used [0x00000000e0000000,0x00000000e0000000,0x00000000efa80000)
  from space 62464K, 12% used [0x00000000f3f80000,0x00000000f4700020,0x00000000f7c80000)
  to   space 66560K, 0% used [0x00000000efa80000,0x00000000efa80000,0x00000000f3b80000)
 ParOldGen       total 271872K, used 253428K [0x00000000a0000000, 0x00000000b0980000, 0x00000000e0000000)
  object space 271872K, 93% used [0x00000000a0000000,0x00000000af77d020,0x00000000b0980000)
 Metaspace       used 85668K, capacity 89140K, committed 89176K, reserved 1126400K
  class space    used 11195K, capacity 11884K, committed 11904K, reserved 1048576K
}
Event: 2201.139 GC heap before
{Heap before GC invocations=35 (full 5):
 PSYoungGen      total 318976K, used 7680K [0x00000000e0000000, 0x00000000f7c80000, 0x0000000100000000)
  eden space 256512K, 0% used [0x00000000e0000000,0x00000000e0000000,0x00000000efa80000)
  from space 62464K, 12% used [0x00000000f3f80000,0x00000000f4700020,0x00000000f7c80000)
  to   space 66560K, 0% used [0x00000000efa80000,0x00000000efa80000,0x00000000f3b80000)
 ParOldGen       total 271872K, used 253428K [0x00000000a0000000, 0x00000000b0980000, 0x00000000e0000000)
  object space 271872K, 93% used [0x00000000a0000000,0x00000000af77d020,0x00000000b0980000)
 Metaspace       used 85668K, capacity 89140K, committed 89176K, reserved 1126400K
  class space    used 11195K, capacity 11884K, committed 11904K, reserved 1048576K
Event: 2201.310 GC heap after
Heap after GC invocations=35 (full 5):
 PSYoungGen      total 318976K, used 0K [0x00000000e0000000, 0x00000000f7c80000, 0x0000000100000000)
  eden space 256512K, 0% used [0x00000000e0000000,0x00000000e0000000,0x00000000efa80000)
  from space 62464K, 0% used [0x00000000f3f80000,0x00000000f3f80000,0x00000000f7c80000)
  to   space 66560K, 0% used [0x00000000efa80000,0x00000000efa80000,0x00000000f3b80000)
 ParOldGen       total 220160K, used 56546K [0x00000000a0000000, 0x00000000ad700000, 0x00000000e0000000)
  object space 220160K, 25% used [0x00000000a0000000,0x00000000a3738800,0x00000000ad700000)
 Metaspace       used 85494K, capacity 88848K, committed 89176K, reserved 1126400K
  class space    used 11162K, capacity 11822K, committed 11904K, reserved 1048576K
}
Event: 2786.666 GC heap before
{Heap before GC invocations=36 (full 5):
 PSYoungGen      total 318976K, used 256512K [0x00000000e0000000, 0x00000000f7c80000, 0x0000000100000000)
  eden space 256512K, 100% used [0x00000000e0000000,0x00000000efa80000,0x00000000efa80000)
  from space 62464K, 0% used [0x00000000f3f80000,0x00000000f3f80000,0x00000000f7c80000)
  to   space 66560K, 0% used [0x00000000efa80000,0x00000000efa80000,0x00000000f3b80000)
 ParOldGen       total 220160K, used 56546K [0x00000000a0000000, 0x00000000ad700000, 0x00000000e0000000)
  object space 220160K, 25% used [0x00000000a0000000,0x00000000a3738800,0x00000000ad700000)
 Metaspace       used 85850K, capacity 89274K, committed 89816K, reserved 1126400K
  class space    used 11173K, capacity 11865K, committed 12032K, reserved 1048576K
Event: 2786.706 GC heap after
Heap after GC invocations=36 (full 5):
 PSYoungGen      total 323072K, used 33298K [0x00000000e0000000, 0x00000000f7c80000, 0x0000000100000000)
  eden space 256512K, 0% used [0x00000000e0000000,0x00000000e0000000,0x00000000efa80000)
  from space 66560K, 50% used [0x00000000efa80000,0x00000000f1b048a0,0x00000000f3b80000)
  to   space 62464K, 0% used [0x00000000f3f80000,0x00000000f3f80000,0x00000000f7c80000)
 ParOldGen       total 220160K, used 56554K [0x00000000a0000000, 0x00000000ad700000, 0x00000000e0000000)
  object space 220160K, 25% used [0x00000000a0000000,0x00000000a373a800,0x00000000ad700000)
 Metaspace       used 85850K, capacity 89274K, committed 89816K, reserved 1126400K
  class space    used 11173K, capacity 11865K, committed 12032K, reserved 1048576K
}

